[INFO] Scanning for projects...
[INFO] 
[INFO] ---------------------< br.com.JoaoVictor:todolist >---------------------
[INFO] Building  0.0.1-SNAPSHOT
[INFO]   from pom.xml
[INFO] --------------------------------[ jar ]---------------------------------
[INFO] 
[INFO] >>> spring-boot:3.5.6:run (default-cli) > test-compile @ todolist >>>
[INFO] 
[INFO] --- resources:3.3.1:resources (default-resources) @ todolist ---
[INFO] Copying 1 resource from src\main\resources to target\classes
[INFO] Copying 0 resource from src\main\resources to target\classes
[INFO] 
[INFO] --- compiler:3.14.0:compile (default-compile) @ todolist ---
[INFO] Nothing to compile - all classes are up to date.
[INFO] 
[INFO] --- resources:3.3.1:testResources (default-testResources) @ todolist ---
[INFO] skip non existing resourceDirectory C:\estudos\Springs\toodolist\toodolist\src\test\resources
[INFO] 
[INFO] --- compiler:3.14.0:testCompile (default-testCompile) @ todolist ---
[INFO] Nothing to compile - all classes are up to date.
[INFO] 
[INFO] <<< spring-boot:3.5.6:run (default-cli) < test-compile @ todolist <<<
[INFO] 
[INFO] 
[INFO] --- spring-boot:3.5.6:run (default-cli) @ todolist ---
[INFO] Attaching agents: []

  .   ____          _            __ _ _
 /\\ / ___'_ __ _ _(_)_ __  __ _ \ \ \ \
( ( )\___ | '_ | '_| | '_ \/ _` | \ \ \ \
 \\/  ___)| |_)| | | | | || (_| |  ) ) ) )
  '  |____| .__|_| |_|_| |_\__, | / / / /
 =========|_|==============|___/=/_/_/_/

 :: Spring Boot ::                (v3.5.6)

2026-04-14T11:31:34.175-03:00  INFO 18464 --- [           main] b.c.J.todolist.TodolistApplication       : Starting TodolistApplication using Java 24.0.2 with PID 18464 (C:\estudos\Springs\toodolist\toodolist\target\classes started by X.jvmr in C:\estudos\Springs\toodolist\toodolist)
2026-04-14T11:31:34.178-03:00  INFO 18464 --- [           main] b.c.J.todolist.TodolistApplication       : No active profile set, falling back to 1 default profile: "default"
2026-04-14T11:31:34.832-03:00  INFO 18464 --- [           main] .s.d.r.c.RepositoryConfigurationDelegate : Bootstrapping Spring Data JPA repositories in DEFAULT mode.
2026-04-14T11:31:34.892-03:00  INFO 18464 --- [           main] .s.d.r.c.RepositoryConfigurationDelegate : Finished Spring Data repository scanning in 45 ms. Found 1 JPA repository interface.
2026-04-14T11:31:35.380-03:00  INFO 18464 --- [           main] o.s.b.w.embedded.tomcat.TomcatWebServer  : Tomcat initialized with port 8081 (http)
2026-04-14T11:31:35.402-03:00  INFO 18464 --- [           main] o.apache.catalina.core.StandardService   : Starting service [Tomcat]
2026-04-14T11:31:35.403-03:00  INFO 18464 --- [           main] o.apache.catalina.core.StandardEngine    : Starting Servlet engine: [Apache Tomcat/10.1.46]
2026-04-14T11:31:35.456-03:00  INFO 18464 --- [           main] o.a.c.c.C.[Tomcat].[localhost].[/]       : Initializing Spring embedded WebApplicationContext
2026-04-14T11:31:35.457-03:00  INFO 18464 --- [           main] w.s.c.ServletWebServerApplicationContext : Root WebApplicationContext: initialization completed in 1216 ms
2026-04-14T11:31:35.600-03:00  INFO 18464 --- [           main] com.zaxxer.hikari.HikariDataSource       : HikariPool-1 - Starting...
2026-04-14T11:31:35.787-03:00  INFO 18464 --- [           main] com.zaxxer.hikari.pool.HikariPool        : HikariPool-1 - Added connection conn0: url=jdbc:h2:mem:todolist user=ADMIN
2026-04-14T11:31:35.795-03:00  INFO 18464 --- [           main] com.zaxxer.hikari.HikariDataSource       : HikariPool-1 - Start completed.
2026-04-14T11:31:35.838-03:00  INFO 18464 --- [           main] o.hibernate.jpa.internal.util.LogHelper  : HHH000204: Processing PersistenceUnitInfo [name: default]
2026-04-14T11:31:35.883-03:00  INFO 18464 --- [           main] org.hibernate.Version                    : HHH000412: Hibernate ORM core version 6.6.29.Final
2026-04-14T11:31:35.915-03:00  INFO 18464 --- [           main] o.h.c.internal.RegionFactoryInitiator    : HHH000026: Second-level cache disabled
2026-04-14T11:31:36.257-03:00  INFO 18464 --- [           main] o.s.o.j.p.SpringPersistenceUnitInfo      : No LoadTimeWeaver setup: ignoring JPA class transformer
2026-04-14T11:31:36.311-03:00  WARN 18464 --- [           main] org.hibernate.orm.deprecation            : HHH90000025: H2Dialect does not need to be specified explicitly using 'hibernate.dialect' (remove the property setting and it will be selected by default)
2026-04-14T11:31:36.328-03:00  INFO 18464 --- [           main] org.hibernate.orm.connections.pooling    : HHH10001005: Database info:
	Database JDBC URL [Connecting through datasource 'HikariDataSource (HikariPool-1)']
	Database driver: undefined/unknown
	Database version: 2.3.232
	Autocommit mode: undefined/unknown
	Isolation level: undefined/unknown
	Minimum pool size: undefined/unknown
	Maximum pool size: undefined/unknown
2026-04-14T11:31:37.176-03:00  INFO 18464 --- [           main] o.h.e.t.j.p.i.JtaPlatformInitiator       : HHH000489: No JTA platform available (set 'hibernate.transaction.jta.platform' to enable JTA platform integration)
2026-04-14T11:31:37.218-03:00  INFO 18464 --- [           main] j.LocalContainerEntityManagerFactoryBean : Initialized JPA EntityManagerFactory for persistence unit 'default'
2026-04-14T11:31:37.565-03:00  WARN 18464 --- [           main] JpaBaseConfiguration$JpaWebConfiguration : spring.jpa.open-in-view is enabled by default. Therefore, database queries may be performed during view rendering. Explicitly configure spring.jpa.open-in-view to disable this warning
2026-04-14T11:31:37.871-03:00  INFO 18464 --- [           main] o.s.b.a.h2.H2ConsoleAutoConfiguration    : H2 console available at '/h2-console'. Database available at 'jdbc:h2:mem:todolist'
2026-04-14T11:31:37.965-03:00  INFO 18464 --- [           main] o.s.b.w.embedded.tomcat.TomcatWebServer  : Tomcat started on port 8081 (http) with context path '/'
2026-04-14T11:31:37.974-03:00  INFO 18464 --- [           main] b.c.J.todolist.TodolistApplication       : Started TodolistApplication in 4.299 seconds (process running for 4.692)
Deseja finalizar o arquivo em lotes (S/N)? 
